<?xml version="1.0" encoding="UTF-8"?>
<!-- Generated by org.testng.reporters.JUnitXMLReporter -->
<testsuite ignored="0" hostname="Vivek" failures="0" tests="7" name="Default test" time="0.102" errors="0" timestamp="2024-05-13T10:54:23 IST">
  <testcase classname="sample_Tc_Repo.Tc_02" name="createUser" time="0.021"/>
  <testcase classname="sample_Tc_Repo.Tc_02" name="createUser" time="0.002"/>
  <testcase classname="sample_Tc_Repo.Tc_02" name="createUser" time="0.001"/>
  <testcase classname="sample_Tc_Repo.Tc_02" name="createUser" time="0.001"/>
  <testcase classname="sample_Tc_Repo.Tc_02" name="createUser" time="0.001"/>
  <testcase classname="sample_Tc_Repo.Tc_02" name="modifyUser" time="0.001"/>
  <testcase classname="sample_Tc_Repo.Tc_02" name="deleteUser" time="0.001"/>
</testsuite> <!-- Default test -->
