<?xml version="1.0" encoding="UTF-8"?>
<!-- Generated by org.testng.reporters.JUnitReportReporter -->
<testsuite hostname="Vivek" failures="0" tests="2" name="createReqByPojo.CreateRequest" time="4.548" errors="0" timestamp="2024-08-29T12:59:46 IST" skipped="0">
  <testcase classname="createReqByPojo.CreateRequest" name="updatReq" time="0.832"/>
  <system-out/>
  <testcase classname="createReqByPojo.CreateRequest" name="createReq" time="3.716"/>
  <system-out/>
</testsuite> <!-- createReqByPojo.CreateRequest -->
