<?xml version="1.0" encoding="UTF-8"?>
<testng-results ignored="0" total="7" passed="7" failed="0" skipped="0">
  <reporter-output>
  </reporter-output>
  <suite started-at="2024-05-13T10:54:22 IST" name="Default suite" finished-at="2024-05-13T10:54:23 IST" duration-ms="102">
    <groups>
    </groups>
    <test started-at="2024-05-13T10:54:22 IST" name="Default test" finished-at="2024-05-13T10:54:23 IST" duration-ms="102">
      <class name="sample_Tc_Repo.Tc_02">
        <test-method signature="createUser()[pri:1, instance:sample_Tc_Repo.Tc_02@209da20d]" started-at="2024-05-13T10:54:23 IST" name="createUser" finished-at="2024-05-13T10:54:23 IST" duration-ms="21" status="PASS">
          <reporter-output>
          </reporter-output>
        </test-method> <!-- createUser -->
        <test-method signature="createUser()[pri:1, instance:sample_Tc_Repo.Tc_02@209da20d]" started-at="2024-05-13T10:54:23 IST" name="createUser" finished-at="2024-05-13T10:54:23 IST" duration-ms="2" status="PASS">
          <reporter-output>
          </reporter-output>
        </test-method> <!-- createUser -->
        <test-method signature="createUser()[pri:1, instance:sample_Tc_Repo.Tc_02@209da20d]" started-at="2024-05-13T10:54:23 IST" name="createUser" finished-at="2024-05-13T10:54:23 IST" duration-ms="1" status="PASS">
          <reporter-output>
          </reporter-output>
        </test-method> <!-- createUser -->
        <test-method signature="createUser()[pri:1, instance:sample_Tc_Repo.Tc_02@209da20d]" started-at="2024-05-13T10:54:23 IST" name="createUser" finished-at="2024-05-13T10:54:23 IST" duration-ms="1" status="PASS">
          <reporter-output>
          </reporter-output>
        </test-method> <!-- createUser -->
        <test-method signature="createUser()[pri:1, instance:sample_Tc_Repo.Tc_02@209da20d]" started-at="2024-05-13T10:54:23 IST" name="createUser" finished-at="2024-05-13T10:54:23 IST" duration-ms="1" status="PASS">
          <reporter-output>
          </reporter-output>
        </test-method> <!-- createUser -->
        <test-method signature="modifyUser()[pri:2, instance:sample_Tc_Repo.Tc_02@209da20d]" started-at="2024-05-13T10:54:23 IST" name="modifyUser" finished-at="2024-05-13T10:54:23 IST" depends-on-methods="sample_Tc_Repo.Tc_02.createUser" duration-ms="1" status="PASS">
          <reporter-output>
          </reporter-output>
        </test-method> <!-- modifyUser -->
        <test-method signature="deleteUser()[pri:3, instance:sample_Tc_Repo.Tc_02@209da20d]" started-at="2024-05-13T10:54:23 IST" name="deleteUser" finished-at="2024-05-13T10:54:23 IST" duration-ms="1" status="PASS">
          <reporter-output>
          </reporter-output>
        </test-method> <!-- deleteUser -->
      </class> <!-- sample_Tc_Repo.Tc_02 -->
    </test> <!-- Default test -->
  </suite> <!-- Default suite -->
</testng-results>
