<?xml version="1.0" encoding="UTF-8"?>
<!-- Generated by org.testng.reporters.JUnitReportReporter -->
<testsuite hostname="Vivek" failures="0" tests="7" name="sample_Tc_Repo.Tc_02" time="0.028" errors="0" timestamp="2024-05-13T10:54:23 IST" skipped="0">
  <testcase classname="sample_Tc_Repo.Tc_02" name="createUser" time="0.001"/>
  <system-out/>
  <testcase classname="sample_Tc_Repo.Tc_02" name="createUser" time="0.001"/>
  <system-out/>
  <testcase classname="sample_Tc_Repo.Tc_02" name="createUser" time="0.002"/>
  <system-out/>
  <testcase classname="sample_Tc_Repo.Tc_02" name="createUser" time="0.021"/>
  <system-out/>
  <testcase classname="sample_Tc_Repo.Tc_02" name="createUser" time="0.001"/>
  <system-out/>
  <testcase classname="sample_Tc_Repo.Tc_02" name="modifyUser" time="0.001"/>
  <system-out/>
  <testcase classname="sample_Tc_Repo.Tc_02" name="deleteUser" time="0.001"/>
  <system-out/>
</testsuite> <!-- sample_Tc_Repo.Tc_02 -->
