<?xml version="1.0" encoding="UTF-8"?>
<!-- Generated by org.testng.reporters.JUnitReportReporter -->
<testsuite hostname="Vivek" failures="0" tests="3" name="sample_Tc_Repo.Tc_01" time="0.025" errors="0" timestamp="2024-05-13T10:47:35 IST" skipped="0">
  <testcase classname="sample_Tc_Repo.Tc_01" name="createUser" time="0.021"/>
  <system-out/>
  <testcase classname="sample_Tc_Repo.Tc_01" name="deleteUser" time="0.002"/>
  <system-out/>
  <testcase classname="sample_Tc_Repo.Tc_01" name="modifyUser" time="0.002"/>
  <system-out/>
</testsuite> <!-- sample_Tc_Repo.Tc_01 -->
