<?xml version="1.0" encoding="UTF-8"?>
<!-- Generated by org.testng.reporters.JUnitReportReporter -->
<testsuite hostname="Vivek" failures="0" tests="3" name="sample_Tc_Repo.Tc_03" time="0.019" errors="0" timestamp="2024-08-29T11:47:10 IST" skipped="0">
  <testcase classname="sample_Tc_Repo.Tc_03" name="createUser" time="0.002"/>
  <system-out/>
  <testcase classname="sample_Tc_Repo.Tc_03" name="createUser" time="0.015"/>
  <system-out/>
  <testcase classname="sample_Tc_Repo.Tc_03" name="modifyUser" time="0.002"/>
  <system-out/>
</testsuite> <!-- sample_Tc_Repo.Tc_03 -->
