<?xml version="1.0" encoding="UTF-8"?>
<!-- Generated by org.testng.reporters.JUnitReportReporter -->
<testsuite hostname="Vivek" failures="0" tests="2" name="sample_Tc_Repo.Assert_Concept_HardAssert" time="0.028" errors="0" timestamp="2024-06-07T16:59:57 IST" skipped="0">
  <testcase classname="sample_Tc_Repo.Assert_Concept_HardAssert" name="hardAssertContainsLevelComparision" time="0.019"/>
  <system-out/>
  <testcase classname="sample_Tc_Repo.Assert_Concept_HardAssert" name="hardAssertStrictLevelComparision" time="0.009"/>
  <system-out/>
</testsuite> <!-- sample_Tc_Repo.Assert_Concept_HardAssert -->
