<?xml version="1.0" encoding="UTF-8"?>
<!-- Generated by org.testng.reporters.JUnitReportReporter -->
<testsuite hostname="Vivek" failures="0" tests="3" name="sample_Tc_Repo.Tc_01" time="0.062" errors="0" timestamp="2024-06-10T15:42:36 IST" skipped="0">
  <testcase classname="sample_Tc_Repo.Tc_01" name="deleteUser" time="0.054"/>
  <system-out/>
  <testcase classname="sample_Tc_Repo.Tc_01" name="modifyUser" time="0.004"/>
  <system-out/>
  <testcase classname="sample_Tc_Repo.Tc_01" name="createUser" time="0.004"/>
  <system-out/>
</testsuite> <!-- sample_Tc_Repo.Tc_01 -->
